<?xml version="1.0" encoding="UTF-8"?>
<coverage generated="1746980949026" clover="3.2.0">
  <project timestamp="1746980949026" name="All files">
    <metrics statements="87" coveredstatements="57" conditionals="25" coveredconditionals="8" methods="26" coveredmethods="19" elements="138" coveredelements="84" complexity="0" loc="87" ncloc="87" packages="3" files="5" classes="5"/>
    <package name="core">
      <metrics statements="37" coveredstatements="32" conditionals="12" coveredconditionals="6" methods="8" coveredmethods="8"/>
      <file name="mutable-sdk.ts" path="/Users/Ben/Downloads/mutable-sdk/Mutable-SDK/Mutable-SDK/src/core/mutable-sdk.ts">
        <metrics statements="37" coveredstatements="32" conditionals="12" coveredconditionals="6" methods="8" coveredmethods="8"/>
        <line num="7" count="1" type="stmt"/>
        <line num="8" count="1" type="stmt"/>
        <line num="9" count="1" type="stmt"/>
        <line num="10" count="1" type="stmt"/>
        <line num="16" count="1" type="stmt"/>
        <line num="19" count="4" type="stmt"/>
        <line num="36" count="4" type="stmt"/>
        <line num="44" count="4" type="cond" truecount="1" falsecount="1"/>
        <line num="47" count="4" type="stmt"/>
        <line num="48" count="4" type="stmt"/>
        <line num="49" count="4" type="stmt"/>
        <line num="51" count="4" type="stmt"/>
        <line num="59" count="1" type="stmt"/>
        <line num="60" count="1" type="stmt"/>
        <line num="62" count="1" type="cond" truecount="3" falsecount="1"/>
        <line num="63" count="0" type="stmt"/>
        <line num="66" count="1" type="stmt"/>
        <line num="69" count="1" type="stmt"/>
        <line num="70" count="1" type="stmt"/>
        <line num="71" count="1" type="stmt"/>
        <line num="73" count="1" type="stmt"/>
        <line num="74" count="1" type="stmt"/>
        <line num="76" count="0" type="stmt"/>
        <line num="77" count="0" type="stmt"/>
        <line num="86" count="1" type="stmt"/>
        <line num="87" count="1" type="stmt"/>
        <line num="88" count="1" type="stmt"/>
        <line num="89" count="1" type="stmt"/>
        <line num="91" count="1" type="stmt"/>
        <line num="98" count="1" type="stmt"/>
        <line num="105" count="1" type="stmt"/>
        <line num="112" count="2" type="stmt"/>
        <line num="119" count="1" type="stmt"/>
        <line num="126" count="4" type="cond" truecount="1" falsecount="3"/>
        <line num="128" count="4" type="stmt"/>
        <line num="130" count="0" type="stmt"/>
        <line num="133" count="0" type="stmt"/>
      </file>
    </package>
    <package name="modules">
      <metrics statements="33" coveredstatements="19" conditionals="3" coveredconditionals="0" methods="12" coveredmethods="9"/>
      <file name="auth.ts" path="/Users/Ben/Downloads/mutable-sdk/Mutable-SDK/Mutable-SDK/src/modules/auth.ts">
        <metrics statements="15" coveredstatements="6" conditionals="2" coveredconditionals="0" methods="5" coveredmethods="3"/>
        <line num="10" count="1" type="stmt"/>
        <line num="16" count="4" type="stmt"/>
        <line num="17" count="4" type="stmt"/>
        <line num="24" count="1" type="stmt"/>
        <line num="32" count="1" type="stmt"/>
        <line num="33" count="1" type="stmt"/>
        <line num="40" count="0" type="stmt"/>
        <line num="48" count="0" type="stmt"/>
        <line num="49" count="0" type="stmt"/>
        <line num="53" count="0" type="stmt"/>
        <line num="58" count="0" type="stmt"/>
        <line num="59" count="0" type="stmt"/>
        <line num="61" count="0" type="stmt"/>
        <line num="63" count="0" type="stmt"/>
        <line num="64" count="0" type="stmt"/>
      </file>
      <file name="game-state.ts" path="/Users/Ben/Downloads/mutable-sdk/Mutable-SDK/Mutable-SDK/src/modules/game-state.ts">
        <metrics statements="7" coveredstatements="7" conditionals="0" coveredconditionals="0" methods="3" coveredmethods="3"/>
        <line num="10" count="1" type="stmt"/>
        <line num="17" count="4" type="stmt"/>
        <line num="18" count="4" type="stmt"/>
        <line num="26" count="1" type="stmt"/>
        <line num="27" count="1" type="stmt"/>
        <line num="35" count="1" type="stmt"/>
        <line num="36" count="1" type="stmt"/>
      </file>
      <file name="transactions.ts" path="/Users/Ben/Downloads/mutable-sdk/Mutable-SDK/Mutable-SDK/src/modules/transactions.ts">
        <metrics statements="11" coveredstatements="6" conditionals="1" coveredconditionals="0" methods="4" coveredmethods="3"/>
        <line num="10" count="1" type="stmt"/>
        <line num="16" count="4" type="stmt"/>
        <line num="17" count="4" type="stmt"/>
        <line num="24" count="1" type="stmt"/>
        <line num="32" count="1" type="stmt"/>
        <line num="33" count="1" type="stmt"/>
        <line num="41" count="0" type="stmt"/>
        <line num="42" count="0" type="stmt"/>
        <line num="46" count="0" type="stmt"/>
        <line num="48" count="0" type="stmt"/>
        <line num="49" count="0" type="stmt"/>
      </file>
    </package>
    <package name="utils">
      <metrics statements="17" coveredstatements="6" conditionals="10" coveredconditionals="2" methods="6" coveredmethods="2"/>
      <file name="logger.ts" path="/Users/Ben/Downloads/mutable-sdk/Mutable-SDK/Mutable-SDK/src/utils/logger.ts">
        <metrics statements="17" coveredstatements="6" conditionals="10" coveredconditionals="2" methods="6" coveredmethods="2"/>
        <line num="7" count="1" type="stmt"/>
        <line num="9" count="4" type="stmt"/>
        <line num="12" count="4" type="stmt"/>
        <line num="20" count="0" type="stmt"/>
        <line num="29" count="0" type="cond" truecount="0" falsecount="1"/>
        <line num="31" count="0" type="cond" truecount="0" falsecount="2"/>
        <line num="32" count="0" type="stmt"/>
        <line num="34" count="0" type="stmt"/>
        <line num="44" count="13" type="cond" truecount="2" falsecount="0"/>
        <line num="45" count="6" type="stmt"/>
        <line num="47" count="7" type="stmt"/>
        <line num="57" count="0" type="cond" truecount="0" falsecount="2"/>
        <line num="58" count="0" type="stmt"/>
        <line num="60" count="0" type="stmt"/>
        <line num="70" count="0" type="cond" truecount="0" falsecount="2"/>
        <line num="71" count="0" type="stmt"/>
        <line num="73" count="0" type="stmt"/>
      </file>
    </package>
  </project>
</coverage>
