{"/Users/Ben/Downloads/mutable-sdk/Mutable-SDK/Mutable-SDK/src/core/mutable-sdk.ts": {"path":"/Users/Ben/Downloads/mutable-sdk/Mutable-SDK/Mutable-SDK/src/core/mutable-sdk.ts","statementMap":{"0":{"start":{"line":7,"column":0},"end":{"line":7,"column":44}},"1":{"start":{"line":8,"column":0},"end":{"line":8,"column":55}},"2":{"start":{"line":9,"column":0},"end":{"line":9,"column":60}},"3":{"start":{"line":10,"column":0},"end":{"line":10,"column":40}},"4":{"start":{"line":19,"column":10},"end":{"line":19,"column":null}},"5":{"start":{"line":36,"column":4},"end":{"line":41,"column":null}},"6":{"start":{"line":44,"column":4},"end":{"line":44,"column":null}},"7":{"start":{"line":47,"column":4},"end":{"line":47,"column":null}},"8":{"start":{"line":48,"column":4},"end":{"line":48,"column":null}},"9":{"start":{"line":49,"column":4},"end":{"line":49,"column":null}},"10":{"start":{"line":51,"column":4},"end":{"line":51,"column":null}},"11":{"start":{"line":59,"column":4},"end":{"line":78,"column":null}},"12":{"start":{"line":60,"column":6},"end":{"line":60,"column":null}},"13":{"start":{"line":62,"column":6},"end":{"line":64,"column":null}},"14":{"start":{"line":63,"column":8},"end":{"line":63,"column":null}},"15":{"start":{"line":66,"column":6},"end":{"line":66,"column":null}},"16":{"start":{"line":69,"column":6},"end":{"line":69,"column":null}},"17":{"start":{"line":70,"column":6},"end":{"line":70,"column":null}},"18":{"start":{"line":71,"column":6},"end":{"line":71,"column":null}},"19":{"start":{"line":73,"column":6},"end":{"line":73,"column":null}},"20":{"start":{"line":74,"column":6},"end":{"line":74,"column":null}},"21":{"start":{"line":76,"column":6},"end":{"line":76,"column":null}},"22":{"start":{"line":77,"column":6},"end":{"line":77,"column":null}},"23":{"start":{"line":86,"column":4},"end":{"line":86,"column":null}},"24":{"start":{"line":87,"column":4},"end":{"line":87,"column":null}},"25":{"start":{"line":88,"column":4},"end":{"line":88,"column":null}},"26":{"start":{"line":89,"column":4},"end":{"line":89,"column":null}},"27":{"start":{"line":91,"column":4},"end":{"line":91,"column":null}},"28":{"start":{"line":98,"column":4},"end":{"line":98,"column":null}},"29":{"start":{"line":105,"column":4},"end":{"line":105,"column":null}},"30":{"start":{"line":112,"column":4},"end":{"line":112,"column":null}},"31":{"start":{"line":119,"column":4},"end":{"line":119,"column":null}},"32":{"start":{"line":126,"column":4},"end":{"line":134,"column":null}},"33":{"start":{"line":128,"column":8},"end":{"line":128,"column":null}},"34":{"start":{"line":130,"column":8},"end":{"line":130,"column":null}},"35":{"start":{"line":133,"column":8},"end":{"line":133,"column":null}},"36":{"start":{"line":16,"column":0},"end":{"line":16,"column":13}}},"fnMap":{"0":{"name":"(anonymous_0)","decl":{"start":{"line":34,"column":2},"end":{"line":34,"column":14}},"loc":{"start":{"line":34,"column":38},"end":{"line":52,"column":3}}},"1":{"name":"(anonymous_1)","decl":{"start":{"line":58,"column":9},"end":{"line":58,"column":14}},"loc":{"start":{"line":58,"column":44},"end":{"line":79,"column":3}}},"2":{"name":"(anonymous_2)","decl":{"start":{"line":85,"column":9},"end":{"line":85,"column":18}},"loc":{"start":{"line":85,"column":41},"end":{"line":92,"column":3}}},"3":{"name":"(anonymous_3)","decl":{"start":{"line":97,"column":9},"end":{"line":97,"column":18}},"loc":{"start":{"line":97,"column":18},"end":{"line":99,"column":3}}},"4":{"name":"(anonymous_4)","decl":{"start":{"line":104,"column":9},"end":{"line":104,"column":20}},"loc":{"start":{"line":104,"column":20},"end":{"line":106,"column":3}}},"5":{"name":"(anonymous_5)","decl":{"start":{"line":111,"column":9},"end":{"line":111,"column":22}},"loc":{"start":{"line":111,"column":22},"end":{"line":113,"column":3}}},"6":{"name":"(anonymous_6)","decl":{"start":{"line":118,"column":9},"end":{"line":118,"column":18}},"loc":{"start":{"line":118,"column":18},"end":{"line":120,"column":3}}},"7":{"name":"(anonymous_7)","decl":{"start":{"line":125,"column":10},"end":{"line":125,"column":26}},"loc":{"start":{"line":125,"column":46},"end":{"line":135,"column":3}}}},"branchMap":{"0":{"loc":{"start":{"line":39,"column":36},"end":{"line":39,"column":70}},"type":"binary-expr","locations":[{"start":{"line":39,"column":36},"end":{"line":39,"column":54}},{"start":{"line":39,"column":58},"end":{"line":39,"column":70}}]},"1":{"loc":{"start":{"line":44,"column":29},"end":{"line":44,"column":55}},"type":"binary-expr","locations":[{"start":{"line":44,"column":29},"end":{"line":44,"column":46}},{"start":{"line":44,"column":50},"end":{"line":44,"column":55}}]},"2":{"loc":{"start":{"line":62,"column":6},"end":{"line":64,"column":null}},"type":"if","locations":[{"start":{"line":62,"column":6},"end":{"line":64,"column":null}}]},"3":{"loc":{"start":{"line":62,"column":10},"end":{"line":62,"column":61}},"type":"binary-expr","locations":[{"start":{"line":62,"column":10},"end":{"line":62,"column":22}},{"start":{"line":62,"column":26},"end":{"line":62,"column":40}},{"start":{"line":62,"column":44},"end":{"line":62,"column":61}}]},"4":{"loc":{"start":{"line":126,"column":4},"end":{"line":134,"column":null}},"type":"switch","locations":[{"start":{"line":127,"column":6},"end":{"line":128,"column":null}},{"start":{"line":129,"column":6},"end":{"line":130,"column":null}},{"start":{"line":131,"column":6},"end":{"line":131,"column":24}},{"start":{"line":132,"column":6},"end":{"line":133,"column":null}}]}},"s":{"0":1,"1":1,"2":1,"3":1,"4":4,"5":4,"6":4,"7":4,"8":4,"9":4,"10":4,"11":1,"12":1,"13":1,"14":0,"15":1,"16":1,"17":1,"18":1,"19":1,"20":1,"21":0,"22":0,"23":1,"24":1,"25":1,"26":1,"27":1,"28":1,"29":1,"30":2,"31":1,"32":4,"33":4,"34":0,"35":0,"36":1},"f":{"0":4,"1":1,"2":1,"3":1,"4":1,"5":2,"6":1,"7":4},"b":{"0":[4,0],"1":[4,0],"2":[0],"3":[1,1,1],"4":[4,0,0,0]}}
,"/Users/Ben/Downloads/mutable-sdk/Mutable-SDK/Mutable-SDK/src/modules/auth.ts": {"path":"/Users/Ben/Downloads/mutable-sdk/Mutable-SDK/Mutable-SDK/src/modules/auth.ts","statementMap":{"0":{"start":{"line":16,"column":4},"end":{"line":16,"column":null}},"1":{"start":{"line":17,"column":4},"end":{"line":17,"column":null}},"2":{"start":{"line":24,"column":4},"end":{"line":24,"column":null}},"3":{"start":{"line":32,"column":4},"end":{"line":32,"column":null}},"4":{"start":{"line":33,"column":4},"end":{"line":33,"column":null}},"5":{"start":{"line":40,"column":4},"end":{"line":40,"column":null}},"6":{"start":{"line":48,"column":4},"end":{"line":65,"column":null}},"7":{"start":{"line":49,"column":6},"end":{"line":49,"column":null}},"8":{"start":{"line":53,"column":33},"end":{"line":56,"column":null}},"9":{"start":{"line":58,"column":6},"end":{"line":58,"column":null}},"10":{"start":{"line":59,"column":6},"end":{"line":59,"column":null}},"11":{"start":{"line":61,"column":6},"end":{"line":61,"column":null}},"12":{"start":{"line":63,"column":6},"end":{"line":63,"column":null}},"13":{"start":{"line":64,"column":6},"end":{"line":64,"column":null}},"14":{"start":{"line":10,"column":0},"end":{"line":10,"column":13}}},"fnMap":{"0":{"name":"(anonymous_0)","decl":{"start":{"line":15,"column":2},"end":{"line":15,"column":14}},"loc":{"start":{"line":15,"column":54},"end":{"line":18,"column":3}}},"1":{"name":"(anonymous_1)","decl":{"start":{"line":23,"column":9},"end":{"line":23,"column":14}},"loc":{"start":{"line":23,"column":25},"end":{"line":25,"column":3}}},"2":{"name":"(anonymous_2)","decl":{"start":{"line":31,"column":9},"end":{"line":31,"column":18}},"loc":{"start":{"line":31,"column":37},"end":{"line":34,"column":3}}},"3":{"name":"(anonymous_3)","decl":{"start":{"line":39,"column":9},"end":{"line":39,"column":18}},"loc":{"start":{"line":39,"column":18},"end":{"line":41,"column":3}}},"4":{"name":"(anonymous_4)","decl":{"start":{"line":47,"column":9},"end":{"line":47,"column":14}},"loc":{"start":{"line":47,"column":48},"end":{"line":66,"column":3}}}},"branchMap":{"0":{"loc":{"start":{"line":55,"column":14},"end":{"line":55,"column":66}},"type":"binary-expr","locations":[{"start":{"line":55,"column":14},"end":{"line":55,"column":18}},{"start":{"line":55,"column":22},"end":{"line":55,"column":66}}]}},"s":{"0":4,"1":4,"2":1,"3":1,"4":1,"5":0,"6":0,"7":0,"8":0,"9":0,"10":0,"11":0,"12":0,"13":0,"14":1},"f":{"0":4,"1":1,"2":1,"3":0,"4":0},"b":{"0":[0,0]}}
,"/Users/Ben/Downloads/mutable-sdk/Mutable-SDK/Mutable-SDK/src/modules/game-state.ts": {"path":"/Users/Ben/Downloads/mutable-sdk/Mutable-SDK/Mutable-SDK/src/modules/game-state.ts","statementMap":{"0":{"start":{"line":17,"column":4},"end":{"line":17,"column":null}},"1":{"start":{"line":18,"column":4},"end":{"line":18,"column":null}},"2":{"start":{"line":26,"column":4},"end":{"line":26,"column":null}},"3":{"start":{"line":27,"column":4},"end":{"line":27,"column":null}},"4":{"start":{"line":35,"column":4},"end":{"line":35,"column":null}},"5":{"start":{"line":36,"column":4},"end":{"line":36,"column":null}},"6":{"start":{"line":10,"column":0},"end":{"line":10,"column":13}}},"fnMap":{"0":{"name":"(anonymous_0)","decl":{"start":{"line":16,"column":2},"end":{"line":16,"column":14}},"loc":{"start":{"line":16,"column":54},"end":{"line":19,"column":3}}},"1":{"name":"(anonymous_1)","decl":{"start":{"line":25,"column":9},"end":{"line":25,"column":14}},"loc":{"start":{"line":25,"column":44},"end":{"line":28,"column":3}}},"2":{"name":"(anonymous_2)","decl":{"start":{"line":34,"column":9},"end":{"line":34,"column":18}},"loc":{"start":{"line":34,"column":37},"end":{"line":37,"column":3}}}},"branchMap":{},"s":{"0":4,"1":4,"2":1,"3":1,"4":1,"5":1,"6":1},"f":{"0":4,"1":1,"2":1},"b":{}}
,"/Users/Ben/Downloads/mutable-sdk/Mutable-SDK/Mutable-SDK/src/modules/transactions.ts": {"path":"/Users/Ben/Downloads/mutable-sdk/Mutable-SDK/Mutable-SDK/src/modules/transactions.ts","statementMap":{"0":{"start":{"line":16,"column":4},"end":{"line":16,"column":null}},"1":{"start":{"line":17,"column":4},"end":{"line":17,"column":null}},"2":{"start":{"line":24,"column":4},"end":{"line":24,"column":null}},"3":{"start":{"line":32,"column":4},"end":{"line":32,"column":null}},"4":{"start":{"line":33,"column":4},"end":{"line":33,"column":null}},"5":{"start":{"line":41,"column":4},"end":{"line":50,"column":null}},"6":{"start":{"line":42,"column":6},"end":{"line":42,"column":null}},"7":{"start":{"line":46,"column":6},"end":{"line":46,"column":null}},"8":{"start":{"line":48,"column":6},"end":{"line":48,"column":null}},"9":{"start":{"line":49,"column":6},"end":{"line":49,"column":null}},"10":{"start":{"line":10,"column":0},"end":{"line":10,"column":13}}},"fnMap":{"0":{"name":"(anonymous_0)","decl":{"start":{"line":15,"column":2},"end":{"line":15,"column":14}},"loc":{"start":{"line":15,"column":54},"end":{"line":18,"column":3}}},"1":{"name":"(anonymous_1)","decl":{"start":{"line":23,"column":9},"end":{"line":23,"column":14}},"loc":{"start":{"line":23,"column":25},"end":{"line":25,"column":3}}},"2":{"name":"(anonymous_2)","decl":{"start":{"line":31,"column":9},"end":{"line":31,"column":18}},"loc":{"start":{"line":31,"column":37},"end":{"line":34,"column":3}}},"3":{"name":"(anonymous_3)","decl":{"start":{"line":40,"column":9},"end":{"line":40,"column":14}},"loc":{"start":{"line":40,"column":43},"end":{"line":51,"column":3}}}},"branchMap":{"0":{"loc":{"start":{"line":40,"column":26},"end":{"line":40,"column":43}},"type":"default-arg","locations":[{"start":{"line":40,"column":37},"end":{"line":40,"column":43}}]}},"s":{"0":4,"1":4,"2":1,"3":1,"4":1,"5":0,"6":0,"7":0,"8":0,"9":0,"10":1},"f":{"0":4,"1":1,"2":1,"3":0},"b":{"0":[0]}}
,"/Users/Ben/Downloads/mutable-sdk/Mutable-SDK/Mutable-SDK/src/utils/logger.ts": {"path":"/Users/Ben/Downloads/mutable-sdk/Mutable-SDK/Mutable-SDK/src/utils/logger.ts","statementMap":{"0":{"start":{"line":9,"column":10},"end":{"line":9,"column":null}},"1":{"start":{"line":12,"column":4},"end":{"line":12,"column":null}},"2":{"start":{"line":20,"column":4},"end":{"line":20,"column":null}},"3":{"start":{"line":29,"column":4},"end":{"line":29,"column":36}},"4":{"start":{"line":29,"column":30},"end":{"line":29,"column":36}},"5":{"start":{"line":31,"column":4},"end":{"line":35,"column":null}},"6":{"start":{"line":32,"column":6},"end":{"line":32,"column":null}},"7":{"start":{"line":34,"column":6},"end":{"line":34,"column":null}},"8":{"start":{"line":44,"column":4},"end":{"line":48,"column":null}},"9":{"start":{"line":45,"column":6},"end":{"line":45,"column":null}},"10":{"start":{"line":47,"column":6},"end":{"line":47,"column":null}},"11":{"start":{"line":57,"column":4},"end":{"line":61,"column":null}},"12":{"start":{"line":58,"column":6},"end":{"line":58,"column":null}},"13":{"start":{"line":60,"column":6},"end":{"line":60,"column":null}},"14":{"start":{"line":70,"column":4},"end":{"line":74,"column":null}},"15":{"start":{"line":71,"column":6},"end":{"line":71,"column":null}},"16":{"start":{"line":73,"column":6},"end":{"line":73,"column":null}},"17":{"start":{"line":7,"column":0},"end":{"line":7,"column":13}}},"fnMap":{"0":{"name":"(anonymous_0)","decl":{"start":{"line":11,"column":2},"end":{"line":11,"column":14}},"loc":{"start":{"line":11,"column":27},"end":{"line":13,"column":3}}},"1":{"name":"(anonymous_1)","decl":{"start":{"line":19,"column":9},"end":{"line":19,"column":17}},"loc":{"start":{"line":19,"column":32},"end":{"line":21,"column":3}}},"2":{"name":"(anonymous_2)","decl":{"start":{"line":28,"column":9},"end":{"line":28,"column":14}},"loc":{"start":{"line":28,"column":42},"end":{"line":36,"column":3}}},"3":{"name":"(anonymous_3)","decl":{"start":{"line":43,"column":9},"end":{"line":43,"column":13}},"loc":{"start":{"line":43,"column":41},"end":{"line":49,"column":3}}},"4":{"name":"(anonymous_4)","decl":{"start":{"line":56,"column":9},"end":{"line":56,"column":13}},"loc":{"start":{"line":56,"column":41},"end":{"line":62,"column":3}}},"5":{"name":"(anonymous_5)","decl":{"start":{"line":69,"column":9},"end":{"line":69,"column":14}},"loc":{"start":{"line":69,"column":43},"end":{"line":75,"column":3}}}},"branchMap":{"0":{"loc":{"start":{"line":11,"column":14},"end":{"line":11,"column":27}},"type":"default-arg","locations":[{"start":{"line":11,"column":22},"end":{"line":11,"column":27}}]},"1":{"loc":{"start":{"line":29,"column":4},"end":{"line":29,"column":36}},"type":"if","locations":[{"start":{"line":29,"column":4},"end":{"line":29,"column":36}}]},"2":{"loc":{"start":{"line":31,"column":4},"end":{"line":35,"column":null}},"type":"if","locations":[{"start":{"line":31,"column":4},"end":{"line":35,"column":null}},{"start":{"line":33,"column":11},"end":{"line":35,"column":null}}]},"3":{"loc":{"start":{"line":44,"column":4},"end":{"line":48,"column":null}},"type":"if","locations":[{"start":{"line":44,"column":4},"end":{"line":48,"column":null}},{"start":{"line":46,"column":11},"end":{"line":48,"column":null}}]},"4":{"loc":{"start":{"line":57,"column":4},"end":{"line":61,"column":null}},"type":"if","locations":[{"start":{"line":57,"column":4},"end":{"line":61,"column":null}},{"start":{"line":59,"column":11},"end":{"line":61,"column":null}}]},"5":{"loc":{"start":{"line":70,"column":4},"end":{"line":74,"column":null}},"type":"if","locations":[{"start":{"line":70,"column":4},"end":{"line":74,"column":null}},{"start":{"line":72,"column":11},"end":{"line":74,"column":null}}]}},"s":{"0":4,"1":4,"2":0,"3":0,"4":0,"5":0,"6":0,"7":0,"8":13,"9":6,"10":7,"11":0,"12":0,"13":0,"14":0,"15":0,"16":0,"17":1},"f":{"0":4,"1":0,"2":0,"3":13,"4":0,"5":0},"b":{"0":[0],"1":[0],"2":[0,0],"3":[6,7],"4":[0,0],"5":[0,0]}}
}
