TN:
SF:src/core/mutable-sdk.ts
FN:34,(anonymous_0)
FN:58,(anonymous_1)
FN:85,(anonymous_2)
FN:97,(anonymous_3)
FN:104,(anonymous_4)
FN:111,(anonymous_5)
FN:118,(anonymous_6)
FN:125,(anonymous_7)
FNF:8
FNH:8
FNDA:4,(anonymous_0)
FNDA:1,(anonymous_1)
FNDA:1,(anonymous_2)
FNDA:1,(anonymous_3)
FNDA:1,(anonymous_4)
FNDA:2,(anonymous_5)
FNDA:1,(anonymous_6)
FNDA:4,(anonymous_7)
DA:7,1
DA:8,1
DA:9,1
DA:10,1
DA:16,1
DA:19,4
DA:36,4
DA:44,4
DA:47,4
DA:48,4
DA:49,4
DA:51,4
DA:59,1
DA:60,1
DA:62,1
DA:63,0
DA:66,1
DA:69,1
DA:70,1
DA:71,1
DA:73,1
DA:74,1
DA:76,0
DA:77,0
DA:86,1
DA:87,1
DA:88,1
DA:89,1
DA:91,1
DA:98,1
DA:105,1
DA:112,2
DA:119,1
DA:126,4
DA:128,4
DA:130,0
DA:133,0
LF:37
LH:32
BRDA:39,0,0,4
BRDA:39,0,1,0
BRDA:44,1,0,4
BRDA:44,1,1,0
BRDA:62,2,0,0
BRDA:62,3,0,1
BRDA:62,3,1,1
BRDA:62,3,2,1
BRDA:126,4,0,4
BRDA:126,4,1,0
BRDA:126,4,2,0
BRDA:126,4,3,0
BRF:12
BRH:6
end_of_record
TN:
SF:src/modules/auth.ts
FN:15,(anonymous_0)
FN:23,(anonymous_1)
FN:31,(anonymous_2)
FN:39,(anonymous_3)
FN:47,(anonymous_4)
FNF:5
FNH:3
FNDA:4,(anonymous_0)
FNDA:1,(anonymous_1)
FNDA:1,(anonymous_2)
FNDA:0,(anonymous_3)
FNDA:0,(anonymous_4)
DA:10,1
DA:16,4
DA:17,4
DA:24,1
DA:32,1
DA:33,1
DA:40,0
DA:48,0
DA:49,0
DA:53,0
DA:58,0
DA:59,0
DA:61,0
DA:63,0
DA:64,0
LF:15
LH:6
BRDA:55,0,0,0
BRDA:55,0,1,0
BRF:2
BRH:0
end_of_record
TN:
SF:src/modules/game-state.ts
FN:16,(anonymous_0)
FN:25,(anonymous_1)
FN:34,(anonymous_2)
FNF:3
FNH:3
FNDA:4,(anonymous_0)
FNDA:1,(anonymous_1)
FNDA:1,(anonymous_2)
DA:10,1
DA:17,4
DA:18,4
DA:26,1
DA:27,1
DA:35,1
DA:36,1
LF:7
LH:7
BRF:0
BRH:0
end_of_record
TN:
SF:src/modules/transactions.ts
FN:15,(anonymous_0)
FN:23,(anonymous_1)
FN:31,(anonymous_2)
FN:40,(anonymous_3)
FNF:4
FNH:3
FNDA:4,(anonymous_0)
FNDA:1,(anonymous_1)
FNDA:1,(anonymous_2)
FNDA:0,(anonymous_3)
DA:10,1
DA:16,4
DA:17,4
DA:24,1
DA:32,1
DA:33,1
DA:41,0
DA:42,0
DA:46,0
DA:48,0
DA:49,0
LF:11
LH:6
BRDA:40,0,0,0
BRF:1
BRH:0
end_of_record
TN:
SF:src/utils/logger.ts
FN:11,(anonymous_0)
FN:19,(anonymous_1)
FN:28,(anonymous_2)
FN:43,(anonymous_3)
FN:56,(anonymous_4)
FN:69,(anonymous_5)
FNF:6
FNH:2
FNDA:4,(anonymous_0)
FNDA:0,(anonymous_1)
FNDA:0,(anonymous_2)
FNDA:13,(anonymous_3)
FNDA:0,(anonymous_4)
FNDA:0,(anonymous_5)
DA:7,1
DA:9,4
DA:12,4
DA:20,0
DA:29,0
DA:31,0
DA:32,0
DA:34,0
DA:44,13
DA:45,6
DA:47,7
DA:57,0
DA:58,0
DA:60,0
DA:70,0
DA:71,0
DA:73,0
LF:17
LH:6
BRDA:11,0,0,0
BRDA:29,1,0,0
BRDA:31,2,0,0
BRDA:31,2,1,0
BRDA:44,3,0,6
BRDA:44,3,1,7
BRDA:57,4,0,0
BRDA:57,4,1,0
BRDA:70,5,0,0
BRDA:70,5,1,0
BRF:10
BRH:2
end_of_record
